Build started 2015/05/18 10:26:54.
     1>Project "C:\CocosPro\MyStudy\cocos2d\cocos\2d\libcocos2d.vcxproj" on node 2 (Build target(s)).
     1>PreLinkEvent:
         if not exist "C:\CocosPro\MyStudy\proj.win32\Debug.win32\" mkdir "C:\CocosPro\MyStudy\proj.win32\Debug.win32\"
         xcopy /Y /Q "C:\CocosPro\MyStudy\cocos2d\cocos\2d\..\..\external\freetype2\prebuilt\win32\*.*" "C:\CocosPro\MyStudy\proj.win32\Debug.win32\"
         xcopy /Y /Q "C:\CocosPro\MyStudy\cocos2d\cocos\2d\..\..\external\glfw3\prebuilt\win32\*.*" "C:\CocosPro\MyStudy\proj.win32\Debug.win32\"
         xcopy /Y /Q "C:\CocosPro\MyStudy\cocos2d\cocos\2d\..\..\external\curl\prebuilt\win32\*.*" "C:\CocosPro\MyStudy\proj.win32\Debug.win32\"
         xcopy /Y /Q "C:\CocosPro\MyStudy\cocos2d\cocos\2d\..\..\external\jpeg\prebuilt\win32\*.*" "C:\CocosPro\MyStudy\proj.win32\Debug.win32\"
         xcopy /Y /Q "C:\CocosPro\MyStudy\cocos2d\cocos\2d\..\..\external\png\prebuilt\win32\*.*" "C:\CocosPro\MyStudy\proj.win32\Debug.win32\"
         xcopy /Y /Q "C:\CocosPro\MyStudy\cocos2d\cocos\2d\..\..\external\tiff\prebuilt\win32\*.*" "C:\CocosPro\MyStudy\proj.win32\Debug.win32\"
         xcopy /Y /Q "C:\CocosPro\MyStudy\cocos2d\cocos\2d\..\..\external\webp\prebuilt\win32\*.*" "C:\CocosPro\MyStudy\proj.win32\Debug.win32\"
         xcopy /Y /Q "C:\CocosPro\MyStudy\cocos2d\cocos\2d\..\..\external\websockets\prebuilt\win32\*.*" "C:\CocosPro\MyStudy\proj.win32\Debug.win32\"
         xcopy /Y /Q "C:\CocosPro\MyStudy\cocos2d\cocos\2d\..\..\external\win32-specific\zlib\prebuilt\*.*" "C:\CocosPro\MyStudy\proj.win32\Debug.win32\"
         xcopy /Y /Q "C:\CocosPro\MyStudy\cocos2d\cocos\2d\..\..\external\win32-specific\icon\prebuilt\*.*" "C:\CocosPro\MyStudy\proj.win32\Debug.win32\"
         xcopy /Y /Q "C:\CocosPro\MyStudy\cocos2d\cocos\2d\..\..\external\win32-specific\gles\prebuilt\*.*" "C:\CocosPro\MyStudy\proj.win32\Debug.win32\"
         xcopy /Y /Q "C:\CocosPro\MyStudy\cocos2d\cocos\2d\..\..\external\win32-specific\OpenalSoft\prebuilt\*.*" "C:\CocosPro\MyStudy\proj.win32\Debug.win32\"
         xcopy /Y /Q "C:\CocosPro\MyStudy\cocos2d\cocos\2d\..\..\external\win32-specific\MP3Decoder\prebuilt\*.*" "C:\CocosPro\MyStudy\proj.win32\Debug.win32\"
         xcopy /Y /Q "C:\CocosPro\MyStudy\cocos2d\cocos\2d\..\..\external\win32-specific\OggDecoder\prebuilt\*.*" "C:\CocosPro\MyStudy\proj.win32\Debug.win32\"
         xcopy /Y /Q "C:\CocosPro\MyStudy\cocos2d\cocos\2d\..\..\external\sqlite3\libraries\win32\*.*" "C:\CocosPro\MyStudy\proj.win32\Debug.win32\"
         xcopy /Y /Q "C:\CocosPro\MyStudy\cocos2d\cocos\2d\..\..\external\chipmunk\prebuilt\win32\debug-lib\*.*" "C:\CocosPro\MyStudy\proj.win32\Debug.win32\"
         :VCEnd
         1 File(s) copied
         1 File(s) copied
         4 File(s) copied
         1 File(s) copied
         1 File(s) copied
         2 File(s) copied
         1 File(s) copied
         2 File(s) copied
         2 File(s) copied
         2 File(s) copied
         2 File(s) copied
         2 File(s) copied
         2 File(s) copied
         6 File(s) copied
         2 File(s) copied
         1 File(s) copied
       Link:
         libcocos2d.vcxproj -> C:\CocosPro\MyStudy\proj.win32\Debug.win32\libcocos2d.dll
     1>Done Building Project "C:\CocosPro\MyStudy\cocos2d\cocos\2d\libcocos2d.vcxproj" (Build target(s)).

Build succeeded.

Time Elapsed 00:00:02.98
